
=== Tue Sep 24 12:14:07 2019

Packages were changed.
Update Mode: mergeDefaultDependencies

The following packages were added:
  com.unity.package-manager-ui@2.2.0
  com.unity.ext.nunit@1.0.0
  com.unity.test-framework@1.0.13
  com.unity.ide.vscode@1.0.7
  com.unity.ide.rider@1.0.8
  com.unity.ugui@1.0.0
  com.unity.modules.androidjni@1.0.0
The following packages were updated:
  com.unity.collab-proxy from version 1.2.9 to 1.2.16
  com.unity.textmeshpro from version 2.0.0 to 2.0.1
  com.unity.timeline from version 0.0.0-builtin to 1.1.0

=== Mon Sep 30 21:54:25 2019

Packages were changed.
Update Mode: mergeDefaultDependencies

The following packages were added:
  com.unity.ads@2.3.1
  com.unity.analytics@3.3.2
  com.unity.cinemachine@2.3.3
  com.unity.multiplayer-hlapi@1.0.2
  com.unity.postprocessing@2.1.4
  com.unity.purchasing@2.0.6
  com.unity.xr.legacyinputhelpers@2.0.2
